# project  configured on Tue Jun 30 23:18:10 2015 by
# waf 1.7.11 (abi 98, python 20706f0 on darwin)
# using /usr/local/Cellar/pebble-sdk/3.0/Pebble/waf configure build
#
----------------------------------------
Setting top to
/Volumes/Daten/Development/timeforcoffee-pebble
----------------------------------------
Setting out to
/Volumes/Daten/Development/timeforcoffee-pebble/build
----------------------------------------
Found Pebble SDK for basalt in:
/usr/local/Cellar/pebble-sdk/3.0/Pebble/basalt
----------------------------------------
Checking for program gcc,cc
arm-none-eabi-gcc
find program=['gcc', 'cc'] paths='' var='CC' -> 'arm-none-eabi-gcc'
----------------------------------------
Checking for program ar
arm-none-eabi-ar
find program=['ar'] paths='' var='AR' -> 'arm-none-eabi-ar'
----------------------------------------
Found Pebble SDK for aplite in:
/usr/local/Cellar/pebble-sdk/3.0/Pebble/aplite
----------------------------------------
Checking for program gcc,cc
arm-none-eabi-gcc
find program=['gcc', 'cc'] paths='' var='CC' -> 'arm-none-eabi-gcc'
----------------------------------------
Checking for program ar
arm-none-eabi-ar
find program=['ar'] paths='' var='AR' -> 'arm-none-eabi-ar'
